{"/Users/suyash/Desktop/Workspace/social-support-ai/src/theme.ts": {"path":"/Users/suyash/Desktop/Workspace/social-support-ai/src/theme.ts","statementMap":{"0":{"start":{"line":3,"column":21},"end":{"line":24,"column":null}},"1":{"start":{"line":26,"column":30},"end":{"line":58,"column":null}},"2":{"start":{"line":26,"column":31},"end":{"line":58,"column":null}}},"fnMap":{"0":{"name":"(anonymous_0)","decl":{"start":{"line":26,"column":30},"end":{"line":26,"column":31}},"loc":{"start":{"line":26,"column":31},"end":{"line":58,"column":null}},"line":26}},"branchMap":{},"s":{"0":2,"1":2,"2":11},"f":{"0":11},"b":{},"meta":{"lastBranch":0,"lastFunction":1,"lastStatement":3,"seen":{"s:3:21:24:Infinity":0,"s:26:30:58:Infinity":1,"f:26:30:26:31":0,"s:26:31:58:Infinity":2}}}
,"/Users/suyash/Desktop/Workspace/social-support-ai/src/App/styles.ts": {"path":"/Users/suyash/Desktop/Workspace/social-support-ai/src/App/styles.ts","statementMap":{"0":{"start":{"line":3,"column":25},"end":{"line":85,"column":null}}},"fnMap":{},"branchMap":{},"s":{"0":1},"f":{},"b":{},"meta":{"lastBranch":0,"lastFunction":0,"lastStatement":1,"seen":{"s:3:25:85:Infinity":0}}}
,"/Users/suyash/Desktop/Workspace/social-support-ai/src/assets/logo.png": {"path":"/Users/suyash/Desktop/Workspace/social-support-ai/src/assets/logo.png","statementMap":{},"fnMap":{},"branchMap":{},"s":{},"f":{},"b":{},"meta":{"lastBranch":0,"lastFunction":0,"lastStatement":0,"seen":{}}}
,"/Users/suyash/Desktop/Workspace/social-support-ai/src/common/storage.ts": {"path":"/Users/suyash/Desktop/Workspace/social-support-ai/src/common/storage.ts","statementMap":{"0":{"start":{"line":23,"column":28},"end":{"line":26,"column":null}},"1":{"start":{"line":31,"column":32},"end":{"line":36,"column":null}},"2":{"start":{"line":32,"column":4},"end":{"line":35,"column":null}},"3":{"start":{"line":33,"column":8},"end":{"line":33,"column":null}},"4":{"start":{"line":34,"column":8},"end":{"line":34,"column":null}},"5":{"start":{"line":41,"column":27},"end":{"line":49,"column":null}},"6":{"start":{"line":42,"column":4},"end":{"line":42,"column":null}},"7":{"start":{"line":42,"column":39},"end":{"line":42,"column":null}},"8":{"start":{"line":43,"column":4},"end":{"line":48,"column":null}},"9":{"start":{"line":44,"column":23},"end":{"line":44,"column":null}},"10":{"start":{"line":45,"column":8},"end":{"line":45,"column":null}},"11":{"start":{"line":47,"column":8},"end":{"line":47,"column":null}},"12":{"start":{"line":54,"column":27},"end":{"line":58,"column":null}},"13":{"start":{"line":55,"column":4},"end":{"line":57,"column":null}},"14":{"start":{"line":56,"column":8},"end":{"line":56,"column":null}},"15":{"start":{"line":63,"column":31},"end":{"line":71,"column":null}},"16":{"start":{"line":64,"column":4},"end":{"line":64,"column":null}},"17":{"start":{"line":64,"column":39},"end":{"line":64,"column":null}},"18":{"start":{"line":65,"column":4},"end":{"line":70,"column":null}},"19":{"start":{"line":66,"column":23},"end":{"line":66,"column":null}},"20":{"start":{"line":67,"column":8},"end":{"line":67,"column":null}},"21":{"start":{"line":69,"column":8},"end":{"line":69,"column":null}},"22":{"start":{"line":76,"column":31},"end":{"line":80,"column":null}},"23":{"start":{"line":77,"column":4},"end":{"line":79,"column":null}},"24":{"start":{"line":78,"column":8},"end":{"line":78,"column":null}}},"fnMap":{"0":{"name":"(anonymous_0)","decl":{"start":{"line":31,"column":32},"end":{"line":31,"column":38}},"loc":{"start":{"line":31,"column":38},"end":{"line":36,"column":null}},"line":31},"1":{"name":"(anonymous_1)","decl":{"start":{"line":41,"column":27},"end":{"line":41,"column":74}},"loc":{"start":{"line":41,"column":74},"end":{"line":49,"column":null}},"line":41},"2":{"name":"(anonymous_2)","decl":{"start":{"line":54,"column":27},"end":{"line":54,"column":28}},"loc":{"start":{"line":54,"column":71},"end":{"line":58,"column":null}},"line":54},"3":{"name":"(anonymous_3)","decl":{"start":{"line":63,"column":31},"end":{"line":63,"column":78}},"loc":{"start":{"line":63,"column":78},"end":{"line":71,"column":null}},"line":63},"4":{"name":"(anonymous_4)","decl":{"start":{"line":76,"column":31},"end":{"line":76,"column":32}},"loc":{"start":{"line":76,"column":75},"end":{"line":80,"column":null}},"line":76}},"branchMap":{"0":{"loc":{"start":{"line":32,"column":4},"end":{"line":35,"column":null}},"type":"if","locations":[{"start":{"line":32,"column":4},"end":{"line":35,"column":null}},{"start":{},"end":{}}],"line":32},"1":{"loc":{"start":{"line":42,"column":4},"end":{"line":42,"column":null}},"type":"if","locations":[{"start":{"line":42,"column":4},"end":{"line":42,"column":null}},{"start":{},"end":{}}],"line":42},"2":{"loc":{"start":{"line":45,"column":15},"end":{"line":45,"column":null}},"type":"cond-expr","locations":[{"start":{"line":45,"column":25},"end":{"line":45,"column":83}},{"start":{"line":45,"column":83},"end":{"line":45,"column":null}}],"line":45},"3":{"loc":{"start":{"line":55,"column":4},"end":{"line":57,"column":null}},"type":"if","locations":[{"start":{"line":55,"column":4},"end":{"line":57,"column":null}},{"start":{},"end":{}}],"line":55},"4":{"loc":{"start":{"line":64,"column":4},"end":{"line":64,"column":null}},"type":"if","locations":[{"start":{"line":64,"column":4},"end":{"line":64,"column":null}},{"start":{},"end":{}}],"line":64},"5":{"loc":{"start":{"line":67,"column":15},"end":{"line":67,"column":null}},"type":"cond-expr","locations":[{"start":{"line":67,"column":25},"end":{"line":67,"column":83}},{"start":{"line":67,"column":83},"end":{"line":67,"column":null}}],"line":67},"6":{"loc":{"start":{"line":77,"column":4},"end":{"line":79,"column":null}},"type":"if","locations":[{"start":{"line":77,"column":4},"end":{"line":79,"column":null}},{"start":{},"end":{}}],"line":77}},"s":{"0":1,"1":1,"2":3,"3":2,"4":2,"5":1,"6":4,"7":1,"8":3,"9":3,"10":3,"11":1,"12":1,"13":3,"14":2,"15":1,"16":4,"17":1,"18":3,"19":3,"20":3,"21":1,"22":1,"23":3,"24":2},"f":{"0":3,"1":4,"2":3,"3":4,"4":3},"b":{"0":[2,1],"1":[1,3],"2":[2,1],"3":[2,1],"4":[1,3],"5":[2,1],"6":[2,1]},"meta":{"lastBranch":7,"lastFunction":5,"lastStatement":25,"seen":{"s:23:28:26:Infinity":0,"s:31:32:36:Infinity":1,"f:31:32:31:38":0,"b:32:4:35:Infinity:undefined:undefined:undefined:undefined":0,"s:32:4:35:Infinity":2,"s:33:8:33:Infinity":3,"s:34:8:34:Infinity":4,"s:41:27:49:Infinity":5,"f:41:27:41:74":1,"b:42:4:42:Infinity:undefined:undefined:undefined:undefined":1,"s:42:4:42:Infinity":6,"s:42:39:42:Infinity":7,"s:43:4:48:Infinity":8,"s:44:23:44:Infinity":9,"s:45:8:45:Infinity":10,"b:45:25:45:83:45:83:45:Infinity":2,"s:47:8:47:Infinity":11,"s:54:27:58:Infinity":12,"f:54:27:54:28":2,"b:55:4:57:Infinity:undefined:undefined:undefined:undefined":3,"s:55:4:57:Infinity":13,"s:56:8:56:Infinity":14,"s:63:31:71:Infinity":15,"f:63:31:63:78":3,"b:64:4:64:Infinity:undefined:undefined:undefined:undefined":4,"s:64:4:64:Infinity":16,"s:64:39:64:Infinity":17,"s:65:4:70:Infinity":18,"s:66:23:66:Infinity":19,"s:67:8:67:Infinity":20,"b:67:25:67:83:67:83:67:Infinity":5,"s:69:8:69:Infinity":21,"s:76:31:80:Infinity":22,"f:76:31:76:32":4,"b:77:4:79:Infinity:undefined:undefined:undefined:undefined":6,"s:77:4:79:Infinity":23,"s:78:8:78:Infinity":24}}}
,"/Users/suyash/Desktop/Workspace/social-support-ai/src/common/utils.ts": {"path":"/Users/suyash/Desktop/Workspace/social-support-ai/src/common/utils.ts","statementMap":{"0":{"start":{"line":1,"column":28},"end":{"line":1,"column":null}},"1":{"start":{"line":1,"column":49},"end":{"line":1,"column":null}},"2":{"start":{"line":3,"column":22},"end":{"line":3,"column":null}},"3":{"start":{"line":3,"column":43},"end":{"line":3,"column":null}},"4":{"start":{"line":5,"column":32},"end":{"line":13,"column":null}},"5":{"start":{"line":6,"column":19},"end":{"line":6,"column":null}},"6":{"start":{"line":7,"column":18},"end":{"line":7,"column":null}},"7":{"start":{"line":8,"column":4},"end":{"line":8,"column":null}},"8":{"start":{"line":8,"column":27},"end":{"line":8,"column":null}},"9":{"start":{"line":9,"column":4},"end":{"line":9,"column":null}},"10":{"start":{"line":9,"column":27},"end":{"line":9,"column":null}},"11":{"start":{"line":10,"column":4},"end":{"line":10,"column":null}},"12":{"start":{"line":10,"column":27},"end":{"line":10,"column":null}},"13":{"start":{"line":11,"column":4},"end":{"line":11,"column":null}},"14":{"start":{"line":11,"column":28},"end":{"line":11,"column":null}},"15":{"start":{"line":12,"column":4},"end":{"line":12,"column":null}},"16":{"start":{"line":15,"column":30},"end":{"line":15,"column":null}},"17":{"start":{"line":15,"column":49},"end":{"line":15,"column":null}},"18":{"start":{"line":23,"column":43},"end":{"line":54,"column":null}},"19":{"start":{"line":24,"column":20},"end":{"line":24,"column":null}},"20":{"start":{"line":26,"column":4},"end":{"line":26,"column":null}},"21":{"start":{"line":26,"column":18},"end":{"line":26,"column":null}},"22":{"start":{"line":29,"column":4},"end":{"line":31,"column":null}},"23":{"start":{"line":30,"column":8},"end":{"line":30,"column":null}},"24":{"start":{"line":34,"column":4},"end":{"line":36,"column":null}},"25":{"start":{"line":35,"column":8},"end":{"line":35,"column":null}},"26":{"start":{"line":40,"column":31},"end":{"line":40,"column":null}},"27":{"start":{"line":41,"column":51},"end":{"line":50,"column":null}},"28":{"start":{"line":52,"column":28},"end":{"line":52,"column":null}},"29":{"start":{"line":53,"column":4},"end":{"line":53,"column":null}},"30":{"start":{"line":56,"column":28},"end":{"line":56,"column":null}},"31":{"start":{"line":56,"column":47},"end":{"line":56,"column":null}},"32":{"start":{"line":58,"column":33},"end":{"line":58,"column":null}},"33":{"start":{"line":58,"column":52},"end":{"line":58,"column":null}}},"fnMap":{"0":{"name":"(anonymous_0)","decl":{"start":{"line":1,"column":28},"end":{"line":1,"column":29}},"loc":{"start":{"line":1,"column":49},"end":{"line":1,"column":null}},"line":1},"1":{"name":"(anonymous_1)","decl":{"start":{"line":3,"column":22},"end":{"line":3,"column":23}},"loc":{"start":{"line":3,"column":43},"end":{"line":3,"column":null}},"line":3},"2":{"name":"(anonymous_2)","decl":{"start":{"line":5,"column":32},"end":{"line":5,"column":33}},"loc":{"start":{"line":5,"column":49},"end":{"line":13,"column":null}},"line":5},"3":{"name":"(anonymous_3)","decl":{"start":{"line":15,"column":30},"end":{"line":15,"column":31}},"loc":{"start":{"line":15,"column":49},"end":{"line":15,"column":null}},"line":15},"4":{"name":"(anonymous_4)","decl":{"start":{"line":23,"column":43},"end":{"line":23,"column":44}},"loc":{"start":{"line":23,"column":99},"end":{"line":54,"column":null}},"line":23},"5":{"name":"(anonymous_5)","decl":{"start":{"line":56,"column":28},"end":{"line":56,"column":29}},"loc":{"start":{"line":56,"column":47},"end":{"line":56,"column":null}},"line":56},"6":{"name":"(anonymous_6)","decl":{"start":{"line":58,"column":33},"end":{"line":58,"column":34}},"loc":{"start":{"line":58,"column":52},"end":{"line":58,"column":null}},"line":58}},"branchMap":{"0":{"loc":{"start":{"line":1,"column":49},"end":{"line":1,"column":null}},"type":"cond-expr","locations":[{"start":{"line":1,"column":57},"end":{"line":1,"column":67}},{"start":{"line":1,"column":67},"end":{"line":1,"column":null}}],"line":1},"1":{"loc":{"start":{"line":3,"column":43},"end":{"line":3,"column":null}},"type":"cond-expr","locations":[{"start":{"line":3,"column":51},"end":{"line":3,"column":59}},{"start":{"line":3,"column":59},"end":{"line":3,"column":null}}],"line":3},"2":{"loc":{"start":{"line":8,"column":4},"end":{"line":8,"column":null}},"type":"if","locations":[{"start":{"line":8,"column":4},"end":{"line":8,"column":null}},{"start":{},"end":{}}],"line":8},"3":{"loc":{"start":{"line":9,"column":4},"end":{"line":9,"column":null}},"type":"if","locations":[{"start":{"line":9,"column":4},"end":{"line":9,"column":null}},{"start":{},"end":{}}],"line":9},"4":{"loc":{"start":{"line":10,"column":4},"end":{"line":10,"column":null}},"type":"if","locations":[{"start":{"line":10,"column":4},"end":{"line":10,"column":null}},{"start":{},"end":{}}],"line":10},"5":{"loc":{"start":{"line":11,"column":4},"end":{"line":11,"column":null}},"type":"if","locations":[{"start":{"line":11,"column":4},"end":{"line":11,"column":null}},{"start":{},"end":{}}],"line":11},"6":{"loc":{"start":{"line":26,"column":4},"end":{"line":26,"column":null}},"type":"if","locations":[{"start":{"line":26,"column":4},"end":{"line":26,"column":null}},{"start":{},"end":{}}],"line":26},"7":{"loc":{"start":{"line":29,"column":4},"end":{"line":31,"column":null}},"type":"if","locations":[{"start":{"line":29,"column":4},"end":{"line":31,"column":null}},{"start":{},"end":{}}],"line":29},"8":{"loc":{"start":{"line":34,"column":4},"end":{"line":36,"column":null}},"type":"if","locations":[{"start":{"line":34,"column":4},"end":{"line":36,"column":null}},{"start":{},"end":{}}],"line":34},"9":{"loc":{"start":{"line":40,"column":31},"end":{"line":40,"column":null}},"type":"binary-expr","locations":[{"start":{"line":40,"column":31},"end":{"line":40,"column":46}},{"start":{"line":40,"column":46},"end":{"line":40,"column":null}}],"line":40},"10":{"loc":{"start":{"line":52,"column":28},"end":{"line":52,"column":null}},"type":"binary-expr","locations":[{"start":{"line":52,"column":28},"end":{"line":52,"column":66}},{"start":{"line":52,"column":66},"end":{"line":52,"column":null}}],"line":52}},"s":{"0":1,"1":2,"2":1,"3":2,"4":1,"5":5,"6":5,"7":5,"8":4,"9":5,"10":4,"11":5,"12":3,"13":5,"14":2,"15":5,"16":1,"17":3,"18":1,"19":7,"20":7,"21":2,"22":5,"23":1,"24":4,"25":1,"26":3,"27":7,"28":7,"29":7,"30":1,"31":9,"32":1,"33":6},"f":{"0":2,"1":2,"2":5,"3":3,"4":7,"5":9,"6":6},"b":{"0":[1,1],"1":[1,1],"2":[4,1],"3":[4,1],"4":[3,2],"5":[2,3],"6":[2,5],"7":[1,4],"8":[1,3],"9":[3,2],"10":[7,0]},"meta":{"lastBranch":11,"lastFunction":7,"lastStatement":34,"seen":{"s:1:28:1:Infinity":0,"f:1:28:1:29":0,"s:1:49:1:Infinity":1,"b:1:57:1:67:1:67:1:Infinity":0,"s:3:22:3:Infinity":2,"f:3:22:3:23":1,"s:3:43:3:Infinity":3,"b:3:51:3:59:3:59:3:Infinity":1,"s:5:32:13:Infinity":4,"f:5:32:5:33":2,"s:6:19:6:Infinity":5,"s:7:18:7:Infinity":6,"b:8:4:8:Infinity:undefined:undefined:undefined:undefined":2,"s:8:4:8:Infinity":7,"s:8:27:8:Infinity":8,"b:9:4:9:Infinity:undefined:undefined:undefined:undefined":3,"s:9:4:9:Infinity":9,"s:9:27:9:Infinity":10,"b:10:4:10:Infinity:undefined:undefined:undefined:undefined":4,"s:10:4:10:Infinity":11,"s:10:27:10:Infinity":12,"b:11:4:11:Infinity:undefined:undefined:undefined:undefined":5,"s:11:4:11:Infinity":13,"s:11:28:11:Infinity":14,"s:12:4:12:Infinity":15,"s:15:30:15:Infinity":16,"f:15:30:15:31":3,"s:15:49:15:Infinity":17,"s:23:43:54:Infinity":18,"f:23:43:23:44":4,"s:24:20:24:Infinity":19,"b:26:4:26:Infinity:undefined:undefined:undefined:undefined":6,"s:26:4:26:Infinity":20,"s:26:18:26:Infinity":21,"b:29:4:31:Infinity:undefined:undefined:undefined:undefined":7,"s:29:4:31:Infinity":22,"s:30:8:30:Infinity":23,"b:34:4:36:Infinity:undefined:undefined:undefined:undefined":8,"s:34:4:36:Infinity":24,"s:35:8:35:Infinity":25,"s:40:31:40:Infinity":26,"b:40:31:40:46:40:46:40:Infinity":9,"s:41:51:50:Infinity":27,"s:52:28:52:Infinity":28,"b:52:28:52:66:52:66:52:Infinity":10,"s:53:4:53:Infinity":29,"s:56:28:56:Infinity":30,"f:56:28:56:29":5,"s:56:47:56:Infinity":31,"s:58:33:58:Infinity":32,"f:58:33:58:34":6,"s:58:52:58:Infinity":33}}}
,"/Users/suyash/Desktop/Workspace/social-support-ai/src/components/PageHeader.tsx": {"path":"/Users/suyash/Desktop/Workspace/social-support-ai/src/components/PageHeader.tsx","statementMap":{"0":{"start":{"line":9,"column":15},"end":{"line":9,"column":null}},"1":{"start":{"line":11,"column":4},"end":{"line":11,"column":null}},"2":{"start":{"line":12,"column":4},"end":{"line":12,"column":35}},"3":{"start":{"line":12,"column":35},"end":{"line":20,"column":6}},"4":{"start":{"line":14,"column":29},"end":{"line":19,"column":null}},"5":{"start":{"line":16,"column":8},"end":{"line":17,"column":null}},"6":{"start":{"line":17,"column":12},"end":{"line":17,"column":30}},"7":{"start":{"line":19,"column":8},"end":{"line":19,"column":21}},"8":{"start":{"line":20,"column":5},"end":{"line":20,"column":6}},"9":{"start":{"line":14,"column":29},"end":{"line":14,"column":null}},"10":{"start":{"line":20,"column":6},"end":{"line":42,"column":null}},"11":{"start":{"line":32,"column":24},"end":{"line":42,"column":21}},"12":{"start":{"line":42,"column":21},"end":{"line":42,"column":null}},"13":{"start":{"line":42,"column":21},"end":{"line":48,"column":null}},"14":{"start":{"line":45,"column":20},"end":{"line":45,"column":null}},"15":{"start":{"line":46,"column":20},"end":{"line":48,"column":33}},"16":{"start":{"line":48,"column":33},"end":{"line":48,"column":null}},"17":{"start":{"line":48,"column":33},"end":{"line":49,"column":null}},"18":{"start":{"line":29,"column":16},"end":{"line":49,"column":22}},"19":{"start":{"line":49,"column":22},"end":{"line":49,"column":null}},"20":{"start":{"line":49,"column":22},"end":{"line":55,"column":null}},"21":{"start":{"line":51,"column":24},"end":{"line":55,"column":21}},"22":{"start":{"line":55,"column":21},"end":{"line":55,"column":null}},"23":{"start":{"line":55,"column":21},"end":{"line":60,"column":null}},"24":{"start":{"line":50,"column":16},"end":{"line":60,"column":22}},"25":{"start":{"line":60,"column":22},"end":{"line":60,"column":null}},"26":{"start":{"line":60,"column":22},"end":{"line":62,"column":null}},"27":{"start":{"line":23,"column":8},"end":{"line":62,"column":14}},"28":{"start":{"line":62,"column":14},"end":{"line":62,"column":null}},"29":{"start":{"line":62,"column":14},"end":{"line":23,"column":9}}},"fnMap":{"0":{"name":"PageHeader","decl":{"start":{"line":9,"column":15},"end":{"line":9,"column":null}},"loc":{"start":{"line":9,"column":15},"end":{"line":62,"column":null}},"line":9},"1":{"name":"(anonymous_1)","decl":{"start":{"line":14,"column":29},"end":{"line":14,"column":null}},"loc":{"start":{"line":14,"column":29},"end":{"line":19,"column":null}},"line":14}},"branchMap":{"0":{"loc":{"start":{"line":12,"column":35},"end":{"line":20,"column":6}},"type":"if","locations":[{"start":{"line":12,"column":35},"end":{"line":20,"column":6}},{"start":{"line":20,"column":5},"end":{"line":20,"column":6}}],"line":12},"1":{"loc":{"start":{"line":12,"column":35},"end":{"line":12,"column":null}},"type":"binary-expr","locations":[{"start":{"line":12,"column":35},"end":{"line":12,"column":null}},{"start":{"line":12,"column":35},"end":{"line":12,"column":null}}],"line":12},"2":{"loc":{"start":{"line":16,"column":8},"end":{"line":17,"column":null}},"type":"if","locations":[{"start":{"line":16,"column":8},"end":{"line":17,"column":null}},{"start":{},"end":{}}],"line":16},"3":{"loc":{"start":{"line":16,"column":12},"end":{"line":16,"column":72}},"type":"binary-expr","locations":[{"start":{"line":16,"column":12},"end":{"line":16,"column":47}},{"start":{"line":16,"column":47},"end":{"line":16,"column":72}}],"line":16},"4":{"loc":{"start":{"line":20,"column":6},"end":{"line":42,"column":null}},"type":"if","locations":[{"start":{"line":20,"column":6},"end":{"line":42,"column":null}},{"start":{"line":42,"column":21},"end":{"line":42,"column":null}}],"line":20},"5":{"loc":{"start":{"line":42,"column":21},"end":{"line":48,"column":null}},"type":"if","locations":[{"start":{"line":42,"column":21},"end":{"line":48,"column":null}},{"start":{"line":48,"column":33},"end":{"line":48,"column":null}}],"line":42},"6":{"loc":{"start":{"line":48,"column":33},"end":{"line":49,"column":null}},"type":"if","locations":[{"start":{"line":48,"column":33},"end":{"line":49,"column":null}},{"start":{"line":49,"column":22},"end":{"line":49,"column":null}}],"line":48},"7":{"loc":{"start":{"line":49,"column":22},"end":{"line":55,"column":null}},"type":"if","locations":[{"start":{"line":49,"column":22},"end":{"line":55,"column":null}},{"start":{"line":55,"column":21},"end":{"line":55,"column":null}}],"line":49},"8":{"loc":{"start":{"line":55,"column":21},"end":{"line":60,"column":null}},"type":"if","locations":[{"start":{"line":55,"column":21},"end":{"line":60,"column":null}},{"start":{"line":60,"column":22},"end":{"line":60,"column":null}}],"line":55},"9":{"loc":{"start":{"line":60,"column":22},"end":{"line":62,"column":null}},"type":"if","locations":[{"start":{"line":60,"column":22},"end":{"line":62,"column":null}},{"start":{"line":62,"column":14},"end":{"line":62,"column":null}}],"line":60}},"s":{"0":10,"1":10,"2":10,"3":10,"4":9,"5":3,"6":1,"7":3,"8":1,"9":10,"10":10,"11":7,"12":3,"13":10,"14":7,"15":7,"16":3,"17":10,"18":9,"19":1,"20":10,"21":7,"22":3,"23":10,"24":7,"25":3,"26":10,"27":9,"28":1,"29":10},"f":{"0":10,"1":3},"b":{"0":[9,1],"1":[10,1],"2":[1,2],"3":[3,2],"4":[7,3],"5":[7,3],"6":[9,1],"7":[7,3],"8":[7,3],"9":[9,1]},"meta":{"lastBranch":10,"lastFunction":2,"lastStatement":30,"seen":{"f:9:15:9:Infinity":0,"s:9:15:9:Infinity":0,"s:11:4:11:Infinity":1,"s:12:4:12:35":2,"b:12:35:20:6:20:5:20:6":0,"s:12:35:20:6":3,"b:12:35:12:Infinity:12:35:12:Infinity":1,"s:14:29:19:Infinity":4,"f:14:29:14:Infinity":1,"b:16:8:17:Infinity:undefined:undefined:undefined:undefined":2,"s:16:8:17:Infinity":5,"b:16:12:16:47:16:47:16:72":3,"s:17:12:17:30":6,"s:19:8:19:21":7,"s:20:5:20:6":8,"s:14:29:14:Infinity":9,"b:20:6:42:Infinity:42:21:42:Infinity":4,"s:20:6:42:Infinity":10,"s:32:24:42:21":11,"s:42:21:42:Infinity":12,"b:42:21:48:Infinity:48:33:48:Infinity":5,"s:42:21:48:Infinity":13,"s:45:20:45:Infinity":14,"s:46:20:48:33":15,"s:48:33:48:Infinity":16,"b:48:33:49:Infinity:49:22:49:Infinity":6,"s:48:33:49:Infinity":17,"s:29:16:49:22":18,"s:49:22:49:Infinity":19,"b:49:22:55:Infinity:55:21:55:Infinity":7,"s:49:22:55:Infinity":20,"s:51:24:55:21":21,"s:55:21:55:Infinity":22,"b:55:21:60:Infinity:60:22:60:Infinity":8,"s:55:21:60:Infinity":23,"s:50:16:60:22":24,"s:60:22:60:Infinity":25,"b:60:22:62:Infinity:62:14:62:Infinity":9,"s:60:22:62:Infinity":26,"s:23:8:62:14":27,"s:62:14:62:Infinity":28,"s:62:14:23:9":29}}}
,"/Users/suyash/Desktop/Workspace/social-support-ai/src/context/LanguageContext.tsx": {"path":"/Users/suyash/Desktop/Workspace/social-support-ai/src/context/LanguageContext.tsx","statementMap":{"0":{"start":{"line":29,"column":6},"end":{"line":29,"column":null}},"1":{"start":{"line":31,"column":7},"end":{"line":31,"column":33}},"2":{"start":{"line":31,"column":33},"end":{"line":31,"column":null}},"3":{"start":{"line":32,"column":2},"end":{"line":32,"column":90}},"4":{"start":{"line":32,"column":90},"end":{"line":36,"column":null}},"5":{"start":{"line":34,"column":12},"end":{"line":35,"column":null}},"6":{"start":{"line":35,"column":4},"end":{"line":35,"column":33}},"7":{"start":{"line":36,"column":5},"end":{"line":36,"column":15}},"8":{"start":{"line":36,"column":15},"end":{"line":36,"column":null}},"9":{"start":{"line":34,"column":2},"end":{"line":36,"column":null}},"10":{"start":{"line":38,"column":16},"end":{"line":38,"column":34}},"11":{"start":{"line":38,"column":34},"end":{"line":39,"column":85}},"12":{"start":{"line":39,"column":31},"end":{"line":39,"column":63}},"13":{"start":{"line":39,"column":63},"end":{"line":39,"column":85}},"14":{"start":{"line":39,"column":31},"end":{"line":39,"column":62}},"15":{"start":{"line":39,"column":85},"end":{"line":41,"column":null}},"16":{"start":{"line":41,"column":9},"end":{"line":41,"column":86}},"17":{"start":{"line":41,"column":86},"end":{"line":41,"column":null}},"18":{"start":{"line":41,"column":86},"end":{"line":41,"column":42}},"19":{"start":{"line":45,"column":2},"end":{"line":45,"column":null}},"20":{"start":{"line":46,"column":2},"end":{"line":47,"column":null}},"21":{"start":{"line":47,"column":4},"end":{"line":47,"column":72}},"22":{"start":{"line":48,"column":3},"end":{"line":49,"column":16}}},"fnMap":{"0":{"name":"LanguageProvider","decl":{"start":{"line":31,"column":7},"end":{"line":31,"column":33}},"loc":{"start":{"line":31,"column":7},"end":{"line":41,"column":null}},"line":31},"1":{"name":"(anonymous_1)","decl":{"start":{"line":34,"column":12},"end":{"line":34,"column":null}},"loc":{"start":{"line":34,"column":12},"end":{"line":35,"column":null}},"line":34},"2":{"name":"useLanguage","decl":{"start":{"line":44,"column":7},"end":{"line":44,"column":null}},"loc":{"start":{"line":44,"column":7},"end":{"line":49,"column":null}},"line":44}},"branchMap":{"0":{"loc":{"start":{"line":32,"column":54},"end":{"line":32,"column":54}},"type":"binary-expr","locations":[{"start":{"line":32,"column":54},"end":{"line":32,"column":88}},{"start":{"line":32,"column":53},"end":{"line":32,"column":54}}],"line":32},"1":{"loc":{"start":{"line":32,"column":90},"end":{"line":36,"column":null}},"type":"if","locations":[{"start":{"line":32,"column":90},"end":{"line":36,"column":null}},{"start":{"line":36,"column":15},"end":{"line":36,"column":null}}],"line":32},"2":{"loc":{"start":{"line":38,"column":34},"end":{"line":39,"column":85}},"type":"if","locations":[{"start":{"line":38,"column":34},"end":{"line":39,"column":85}},{"start":{"line":39,"column":63},"end":{"line":39,"column":85}}],"line":38},"3":{"loc":{"start":{"line":38,"column":34},"end":{"line":38,"column":null}},"type":"binary-expr","locations":[{"start":{"line":38,"column":34},"end":{"line":38,"column":null}},{"start":{"line":38,"column":34},"end":{"line":38,"column":null}}],"line":38},"4":{"loc":{"start":{"line":39,"column":85},"end":{"line":41,"column":null}},"type":"if","locations":[{"start":{"line":39,"column":85},"end":{"line":41,"column":null}},{"start":{"line":41,"column":86},"end":{"line":41,"column":null}}],"line":39},"5":{"loc":{"start":{"line":39,"column":85},"end":{"line":39,"column":null}},"type":"binary-expr","locations":[{"start":{"line":39,"column":85},"end":{"line":39,"column":null}},{"start":{"line":39,"column":85},"end":{"line":39,"column":null}}],"line":39},"6":{"loc":{"start":{"line":46,"column":2},"end":{"line":47,"column":null}},"type":"if","locations":[{"start":{"line":46,"column":2},"end":{"line":47,"column":null}},{"start":{},"end":{}}],"line":46}},"s":{"0":3,"1":19,"2":19,"3":19,"4":19,"5":18,"6":18,"7":18,"8":1,"9":19,"10":19,"11":19,"12":18,"13":1,"14":19,"15":19,"16":19,"17":0,"18":19,"19":21,"20":21,"21":2,"22":19},"f":{"0":19,"1":18,"2":21},"b":{"0":[19,0],"1":[18,1],"2":[18,1],"3":[19,1],"4":[19,0],"5":[19,2],"6":[2,19]},"meta":{"lastBranch":7,"lastFunction":3,"lastStatement":23,"seen":{"s:29:6:29:Infinity":0,"f:31:7:31:33":0,"s:31:7:31:33":1,"s:31:33:31:Infinity":2,"s:32:2:32:90":3,"b:32:54:32:88:32:53:32:54":0,"b:32:90:36:Infinity:36:15:36:Infinity":1,"s:32:90:36:Infinity":4,"s:34:12:35:Infinity":5,"f:34:12:34:Infinity":1,"s:35:4:35:33":6,"s:36:5:36:15":7,"s:36:15:36:Infinity":8,"s:34:2:36:Infinity":9,"s:38:16:38:34":10,"b:38:34:39:85:39:63:39:85":2,"s:38:34:39:85":11,"b:38:34:38:Infinity:38:34:38:Infinity":3,"s:39:31:39:63":12,"s:39:63:39:85":13,"s:39:31:39:62":14,"b:39:85:41:Infinity:41:86:41:Infinity":4,"s:39:85:41:Infinity":15,"b:39:85:39:Infinity:39:85:39:Infinity":5,"s:41:9:41:86":16,"s:41:86:41:Infinity":17,"s:41:86:41:42":18,"f:44:7:44:Infinity":2,"s:45:2:45:Infinity":19,"b:46:2:47:Infinity:undefined:undefined:undefined:undefined":6,"s:46:2:47:Infinity":20,"s:47:4:47:72":21,"s:48:3:49:16":22}}}
,"/Users/suyash/Desktop/Workspace/social-support-ai/src/i18n/ar.json": {"path":"/Users/suyash/Desktop/Workspace/social-support-ai/src/i18n/ar.json","statementMap":{},"fnMap":{},"branchMap":{},"s":{},"f":{},"b":{},"meta":{"lastBranch":0,"lastFunction":0,"lastStatement":0,"seen":{}}}
,"/Users/suyash/Desktop/Workspace/social-support-ai/src/i18n/en.json": {"path":"/Users/suyash/Desktop/Workspace/social-support-ai/src/i18n/en.json","statementMap":{},"fnMap":{},"branchMap":{},"s":{},"f":{},"b":{},"meta":{"lastBranch":0,"lastFunction":0,"lastStatement":0,"seen":{}}}
,"/Users/suyash/Desktop/Workspace/social-support-ai/src/i18n/index.ts": {"path":"/Users/suyash/Desktop/Workspace/social-support-ai/src/i18n/index.ts","statementMap":{"0":{"start":{"line":6,"column":0},"end":{"line":16,"column":null}}},"fnMap":{},"branchMap":{},"s":{"0":1},"f":{},"b":{},"meta":{"lastBranch":0,"lastFunction":0,"lastStatement":1,"seen":{"s:6:0:16:Infinity":0}}}
,"/Users/suyash/Desktop/Workspace/social-support-ai/src/providers/AppThemeProvider.tsx": {"path":"/Users/suyash/Desktop/Workspace/social-support-ai/src/providers/AppThemeProvider.tsx","statementMap":{"0":{"start":{"line":28,"column":6},"end":{"line":31,"column":null}},"1":{"start":{"line":33,"column":6},"end":{"line":36,"column":null}},"2":{"start":{"line":38,"column":15},"end":{"line":38,"column":41}},"3":{"start":{"line":38,"column":41},"end":{"line":38,"column":null}},"4":{"start":{"line":39,"column":4},"end":{"line":39,"column":null}},"5":{"start":{"line":40,"column":22},"end":{"line":40,"column":44}},"6":{"start":{"line":40,"column":44},"end":{"line":41,"column":null}},"7":{"start":{"line":41,"column":32},"end":{"line":41,"column":57}},"8":{"start":{"line":41,"column":57},"end":{"line":41,"column":null}},"9":{"start":{"line":41,"column":32},"end":{"line":41,"column":47}},"10":{"start":{"line":42,"column":18},"end":{"line":42,"column":46}},"11":{"start":{"line":42,"column":46},"end":{"line":47,"column":null}},"12":{"start":{"line":47,"column":16},"end":{"line":47,"column":31}},"13":{"start":{"line":47,"column":31},"end":{"line":47,"column":null}},"14":{"start":{"line":47,"column":31},"end":{"line":49,"column":null}},"15":{"start":{"line":46,"column":12},"end":{"line":49,"column":28}},"16":{"start":{"line":49,"column":28},"end":{"line":49,"column":null}},"17":{"start":{"line":49,"column":28},"end":{"line":50,"column":null}},"18":{"start":{"line":45,"column":8},"end":{"line":50,"column":24}},"19":{"start":{"line":50,"column":24},"end":{"line":50,"column":null}},"20":{"start":{"line":50,"column":24},"end":{"line":45,"column":9}}},"fnMap":{"0":{"name":"AppThemeProvider","decl":{"start":{"line":38,"column":15},"end":{"line":38,"column":41}},"loc":{"start":{"line":38,"column":15},"end":{"line":50,"column":null}},"line":38}},"branchMap":{"0":{"loc":{"start":{"line":40,"column":22},"end":{"line":40,"column":44}},"type":"cond-expr","locations":[{"start":{"line":40,"column":22},"end":{"line":40,"column":44}},{"start":{"line":40,"column":22},"end":{"line":40,"column":44}}],"line":40},"1":{"loc":{"start":{"line":40,"column":44},"end":{"line":41,"column":null}},"type":"if","locations":[{"start":{"line":40,"column":44},"end":{"line":41,"column":null}},{"start":{"line":41,"column":57},"end":{"line":41,"column":null}}],"line":40},"2":{"loc":{"start":{"line":42,"column":18},"end":{"line":42,"column":46}},"type":"cond-expr","locations":[{"start":{"line":42,"column":18},"end":{"line":42,"column":46}},{"start":{"line":42,"column":18},"end":{"line":42,"column":46}}],"line":42},"3":{"loc":{"start":{"line":42,"column":46},"end":{"line":47,"column":null}},"type":"if","locations":[{"start":{"line":42,"column":46},"end":{"line":47,"column":null}},{"start":{"line":47,"column":31},"end":{"line":47,"column":null}}],"line":42},"4":{"loc":{"start":{"line":47,"column":31},"end":{"line":49,"column":null}},"type":"if","locations":[{"start":{"line":47,"column":31},"end":{"line":49,"column":null}},{"start":{"line":49,"column":28},"end":{"line":49,"column":null}}],"line":47},"5":{"loc":{"start":{"line":47,"column":31},"end":{"line":47,"column":null}},"type":"binary-expr","locations":[{"start":{"line":47,"column":31},"end":{"line":47,"column":null}},{"start":{"line":47,"column":31},"end":{"line":47,"column":null}}],"line":47},"6":{"loc":{"start":{"line":49,"column":28},"end":{"line":50,"column":null}},"type":"if","locations":[{"start":{"line":49,"column":28},"end":{"line":50,"column":null}},{"start":{"line":50,"column":24},"end":{"line":50,"column":null}}],"line":49},"7":{"loc":{"start":{"line":49,"column":28},"end":{"line":49,"column":null}},"type":"binary-expr","locations":[{"start":{"line":49,"column":28},"end":{"line":49,"column":null}},{"start":{"line":49,"column":28},"end":{"line":49,"column":null}}],"line":49}},"s":{"0":2,"1":2,"2":12,"3":12,"4":12,"5":12,"6":12,"7":11,"8":1,"9":12,"10":12,"11":12,"12":11,"13":1,"14":12,"15":12,"16":0,"17":12,"18":12,"19":0,"20":12},"f":{"0":12},"b":{"0":[3,9],"1":[11,1],"2":[3,9],"3":[11,1],"4":[12,0],"5":[12,0],"6":[12,0],"7":[12,1]},"meta":{"lastBranch":8,"lastFunction":1,"lastStatement":21,"seen":{"s:28:6:31:Infinity":0,"s:33:6:36:Infinity":1,"f:38:15:38:41":0,"s:38:15:38:41":2,"s:38:41:38:Infinity":3,"s:39:4:39:Infinity":4,"s:40:22:40:44":5,"b:40:22:40:44:40:22:40:44":0,"b:40:44:41:Infinity:41:57:41:Infinity":1,"s:40:44:41:Infinity":6,"s:41:32:41:57":7,"s:41:57:41:Infinity":8,"s:41:32:41:47":9,"s:42:18:42:46":10,"b:42:18:42:46:42:18:42:46":2,"b:42:46:47:Infinity:47:31:47:Infinity":3,"s:42:46:47:Infinity":11,"s:47:16:47:31":12,"s:47:31:47:Infinity":13,"b:47:31:49:Infinity:49:28:49:Infinity":4,"s:47:31:49:Infinity":14,"b:47:31:47:Infinity:47:31:47:Infinity":5,"s:46:12:49:28":15,"s:49:28:49:Infinity":16,"b:49:28:50:Infinity:50:24:50:Infinity":6,"s:49:28:50:Infinity":17,"b:49:28:49:Infinity:49:28:49:Infinity":7,"s:45:8:50:24":18,"s:50:24:50:Infinity":19,"s:50:24:45:9":20}}}
}
